Environment 'clustering' activated successfully.

Running with method: M1, threshold: 50
Cluster 484 assigned label: NONE
Cluster 2 assigned label: NONE
Cluster 399 assigned label: NONE
Cluster 184 assigned label: NONE
Cluster 68 assigned label: IDENT
Cluster 102 assigned label: NONE
Cluster 289 assigned label: NONE
Cluster 195 assigned label: IDENT
Cluster 286 assigned label: NONE
Cluster 47 assigned label: IDENT
Cluster 53 assigned label: NONE
Cluster 28 assigned label: IDENT
Cluster 21 assigned label: IDENT
Cluster 51 assigned label: IDENT
Cluster 363 assigned label: IDENT
Cluster 225 assigned label: NONE
Cluster 50 assigned label: IDENT
Cluster 92 assigned label: NONE
Cluster 91 assigned label: NONE
Cluster 387 assigned label: NONE
Cluster 196 assigned label: NONE
Cluster 360 assigned label: NONE
Cluster 310 assigned label: NONE
Cluster 470 assigned label: NONE
Cluster 108 assigned label: NONE
Cluster 221 assigned label: IDENT
Cluster 117 assigned label: NONE
Cluster 254 assigned label: NONE
Cluster 265 assigned label: NONE
Cluster 432 assigned label: NONE
Cluster 263 assigned label: NONE
Cluster 307 assigned label: NONE
Cluster 312 assigned label: NONE
Cluster 226 assigned label: NONE
Cluster 62 assigned label: IDENT
Cluster 302 assigned label: IDENT
Cluster 271 assigned label: NONE
Cluster 224 assigned label: IDENT
Cluster 443 assigned label: NONE
Cluster 163 assigned label: NONE
Cluster 49 assigned label: NONE
Cluster 216 assigned label: IDENT
Cluster 323 assigned label: NONE
Cluster 481 assigned label: NONE
Cluster 390 assigned label: NONE
Cluster 445 assigned label: NONE
Cluster 7 assigned label: NONE
Cluster 327 assigned label: NONE
Cluster 303 assigned label: NONE
Cluster 76 assigned label: IDENT
Cluster 305 assigned label: NONE
Cluster 370 assigned label: NONE
Cluster 153 assigned label: NONE
Cluster 118 assigned label: NONE
Cluster 41 assigned label: NONE
Cluster 420 assigned label: NONE
Cluster 365 assigned label: NONE
Cluster 452 assigned label: NONE
Cluster 172 assigned label: IDENT
Cluster 258 assigned label: NONE
Cluster 201 assigned label: NONE
Cluster 136 assigned label: NONE
Cluster 154 assigned label: IDENT
Cluster 52 assigned label: NONE
Cluster 247 assigned label: IDENT
Cluster 248 assigned label: NONE
Cluster 372 assigned label: NONE
Cluster 162 assigned label: NONE
Cluster 283 assigned label: NONE
Cluster 166 assigned label: NONE
Cluster 293 assigned label: IDENT
Cluster 262 assigned label: NONE
Cluster 59 assigned label: NONE
Cluster 177 assigned label: NONE
Cluster 386 assigned label: IDENT
Cluster 309 assigned label: NONE
Cluster 331 assigned label: NONE
Cluster 0 assigned label: NONE
Cluster 427 assigned label: NONE
Cluster 139 assigned label: NONE
Cluster 381 assigned label: IDENT
Cluster 417 assigned label: NONE
Cluster 339 assigned label: NONE
Cluster 246 assigned label: IDENT
Cluster 114 assigned label: NONE
Cluster 434 assigned label: NONE
Cluster 335 assigned label: NONE
Cluster 204 assigned label: IDENT
Cluster 244 assigned label: NONE
Cluster 407 assigned label: NONE
Cluster 208 assigned label: IDENT
Cluster 144 assigned label: NONE
Cluster 210 assigned label: NONE
Cluster 284 assigned label: IDENT
Cluster 86 assigned label: NONE
Cluster 324 assigned label: NONE
Cluster 23 assigned label: IDENT
Cluster 26 assigned label: NONE
Cluster 475 assigned label: NONE
Cluster 199 assigned label: NONE
Cluster 227 assigned label: NONE
Cluster 129 assigned label: IDENT
Cluster 437 assigned label: IDENT
Cluster 438 assigned label: NONE
Cluster 79 assigned label: NONE
Cluster 308 assigned label: NONE
Cluster 179 assigned label: STRING
Cluster 135 assigned label: NONE
Cluster 491 assigned label: NONE
Cluster 99 assigned label: IDENT
Cluster 116 assigned label: NONE
Cluster 13 assigned label: NONE
Cluster 285 assigned label: NONE
Cluster 291 assigned label: NONE
Cluster 159 assigned label: IDENT
Cluster 157 assigned label: NONE
Cluster 107 assigned label: NONE
Cluster 171 assigned label: NONE
Cluster 17 assigned label: NONE
Cluster 145 assigned label: NONE
Cluster 109 assigned label: NONE
Cluster 87 assigned label: NONE
Cluster 353 assigned label: NONE
Cluster 379 assigned label: NONE
Cluster 123 assigned label: NONE
Cluster 46 assigned label: NONE
Cluster 456 assigned label: NONE
Cluster 376 assigned label: IDENT
Cluster 277 assigned label: IDENT
Cluster 397 assigned label: NONE
Cluster 138 assigned label: NONE
Cluster 423 assigned label: NONE
Cluster 121 assigned label: NONE
Cluster 152 assigned label: IDENT
Cluster 161 assigned label: NONE
Cluster 418 assigned label: IDENT
Cluster 57 assigned label: NONE
Cluster 133 assigned label: NONE
Cluster 485 assigned label: NONE
Cluster 8 assigned label: NONE
Cluster 245 assigned label: IDENT
Cluster 330 assigned label: NONE
Cluster 100 assigned label: IDENT
Cluster 348 assigned label: NONE
Cluster 97 assigned label: NONE
Cluster 48 assigned label: NONE
Cluster 94 assigned label: IDENT
Cluster 74 assigned label: NONE
Cluster 451 assigned label: NONE
Cluster 61 assigned label: NONE
Cluster 334 assigned label: NONE
Cluster 80 assigned label: NONE
Cluster 320 assigned label: IDENT
Cluster 236 assigned label: NONE
Cluster 342 assigned label: NONE
Cluster 403 assigned label: NONE
Cluster 42 assigned label: IDENT
Cluster 81 assigned label: IDENT
Cluster 206 assigned label: IDENT
Cluster 297 assigned label: NONE
Cluster 239 assigned label: IDENT
Cluster 175 assigned label: IDENT
Cluster 479 assigned label: NONE
Cluster 65 assigned label: IDENT
Cluster 321 assigned label: NONE
Cluster 336 assigned label: NONE
Cluster 173 assigned label: NONE
Cluster 18 assigned label: NONE
Cluster 358 assigned label: NONE
Cluster 233 assigned label: NONE
Cluster 165 assigned label: IDENT
Cluster 231 assigned label: NONE
Cluster 299 assigned label: NONE
Cluster 45 assigned label: IDENT
Cluster 338 assigned label: NONE
Cluster 430 assigned label: IDENT
Cluster 132 assigned label: NONE
Cluster 137 assigned label: NONE
Cluster 32 assigned label: NONE
Cluster 415 assigned label: NONE
Cluster 402 assigned label: NONE
Cluster 56 assigned label: NONE
Cluster 151 assigned label: IDENT
Cluster 267 assigned label: IDENT
Cluster 156 assigned label: NONE
Cluster 357 assigned label: NONE
Cluster 366 assigned label: NONE
Cluster 202 assigned label: IDENT
Cluster 122 assigned label: IDENT
Cluster 88 assigned label: NONE
Cluster 104 assigned label: NONE
Cluster 90 assigned label: IDENT
Cluster 252 assigned label: NONE
Cluster 31 assigned label: IDENT
Cluster 424 assigned label: NONE
Cluster 367 assigned label: NONE
Cluster 355 assigned label: NONE
Cluster 222 assigned label: NONE
Cluster 33 assigned label: NONE
Cluster 326 assigned label: NONE
Cluster 453 assigned label: NONE
Cluster 314 assigned label: NONE
Cluster 378 assigned label: IDENT
Cluster 219 assigned label: NONE
Cluster 29 assigned label: IDENT
Cluster 36 assigned label: NONE
Cluster 228 assigned label: NONE
Cluster 12 assigned label: NONE
Cluster 115 assigned label: NONE
Cluster 369 assigned label: NONE
Cluster 441 assigned label: NONE
Cluster 55 assigned label: NONE
Cluster 168 assigned label: NONE
Cluster 35 assigned label: IDENT
Cluster 396 assigned label: NONE
Cluster 143 assigned label: NONE
Cluster 462 assigned label: NONE
Cluster 292 assigned label: IDENT
Cluster 39 assigned label: NONE
Cluster 408 assigned label: NONE
Cluster 200 assigned label: NONE
Cluster 413 assigned label: NONE
Cluster 72 assigned label: IDENT
Cluster 328 assigned label: NONE
Cluster 134 assigned label: NONE
Cluster 476 assigned label: NONE
Cluster 332 assigned label: IDENT
Cluster 294 assigned label: NONE
Cluster 268 assigned label: NONE
Cluster 110 assigned label: NONE
Cluster 71 assigned label: IDENT
Cluster 260 assigned label: NONE
Cluster 158 assigned label: NONE
Cluster 193 assigned label: NONE
Cluster 429 assigned label: NONE
Cluster 287 assigned label: NONE
Cluster 411 assigned label: NONE
Cluster 78 assigned label: IDENT
Cluster 317 assigned label: NONE
Cluster 63 assigned label: NONE
Cluster 5 assigned label: NONE
Cluster 333 assigned label: NONE
Cluster 146 assigned label: NONE
Cluster 428 assigned label: NONE
Cluster 155 assigned label: NONE
Cluster 410 assigned label: NONE
Cluster 22 assigned label: NONE
Cluster 103 assigned label: NONE
Cluster 412 assigned label: NONE
Cluster 448 assigned label: NONE
Cluster 75 assigned label: NONE
Cluster 374 assigned label: NONE
Cluster 264 assigned label: NONE
Cluster 486 assigned label: NONE
Cluster 281 assigned label: NONE
Cluster 392 assigned label: NONE
Cluster 436 assigned label: NONE
Cluster 242 assigned label: NONE
Cluster 373 assigned label: NONE
Cluster 207 assigned label: NONE
Cluster 270 assigned label: NONE
Cluster 389 assigned label: NONE
Cluster 341 assigned label: NONE
Cluster 188 assigned label: IDENT
Cluster 220 assigned label: IDENT
Cluster 298 assigned label: IDENT
Cluster 178 assigned label: NONE
Cluster 401 assigned label: NONE
Cluster 473 assigned label: NONE
Cluster 96 assigned label: NONE
Cluster 463 assigned label: NONE
Cluster 450 assigned label: NONE
Cluster 493 assigned label: IDENT
Cluster 329 assigned label: NONE
Cluster 11 assigned label: IDENT
Cluster 421 assigned label: NONE
Cluster 461 assigned label: IDENT
Cluster 435 assigned label: NONE
Cluster 425 assigned label: NONE
Cluster 280 assigned label: NONE
Cluster 40 assigned label: NONE
Cluster 315 assigned label: IDENT
Cluster 10 assigned label: IDENT
Cluster 371 assigned label: NONE
Cluster 64 assigned label: NONE
Cluster 120 assigned label: NONE
Cluster 351 assigned label: NONE
Cluster 6 assigned label: IDENT
Cluster 296 assigned label: NONE
Cluster 217 assigned label: NONE
Cluster 69 assigned label: IDENT
Cluster 37 assigned label: NONE
Cluster 350 assigned label: NONE
Cluster 382 assigned label: NONE
Cluster 352 assigned label: IDENT
Cluster 183 assigned label: IDENT
Cluster 106 assigned label: IDENT
Cluster 15 assigned label: IDENT
Cluster 467 assigned label: NONE
Cluster 474 assigned label: NONE
Cluster 440 assigned label: NONE
Cluster 496 assigned label: NONE
Cluster 282 assigned label: IDENT
Cluster 16 assigned label: IDENT
Cluster 230 assigned label: IDENT
Cluster 426 assigned label: NONE
Cluster 261 assigned label: NONE
Cluster 472 assigned label: NONE
Cluster 406 assigned label: NONE
Cluster 313 assigned label: IDENT
Cluster 131 assigned label: NONE
Cluster 469 assigned label: NONE
Cluster 4 assigned label: IDENT
Cluster 14 assigned label: IDENT
Cluster 275 assigned label: NONE
Cluster 119 assigned label: NONE
Cluster 112 assigned label: NONE
Cluster 127 assigned label: NONE
Cluster 67 assigned label: NONE
Cluster 318 assigned label: NONE
Cluster 253 assigned label: NONE
Cluster 489 assigned label: NONE
Cluster 439 assigned label: IDENT
Cluster 272 assigned label: NONE
Cluster 388 assigned label: IDENT
Cluster 93 assigned label: NONE
Cluster 43 assigned label: IDENT
Cluster 482 assigned label: NONE
Cluster 194 assigned label: IDENT
Cluster 394 assigned label: NONE
Cluster 77 assigned label: IDENT
Cluster 319 assigned label: NONE
Cluster 377 assigned label: IDENT
Cluster 416 assigned label: NONE
Cluster 431 assigned label: IDENT
Cluster 356 assigned label: NONE
Cluster 70 assigned label: NONE
Cluster 25 assigned label: NONE
Cluster 449 assigned label: IDENT
Cluster 203 assigned label: NONE
Cluster 346 assigned label: NONE
Cluster 140 assigned label: IDENT
Cluster 240 assigned label: NONE
Cluster 380 assigned label: NONE
Cluster 218 assigned label: NONE
Cluster 375 assigned label: NONE
Cluster 9 assigned label: IDENT
Cluster 58 assigned label: IDENT
Cluster 477 assigned label: NONE
Cluster 34 assigned label: NONE
Cluster 167 assigned label: IDENT
Cluster 362 assigned label: NONE
Cluster 174 assigned label: NONE
Cluster 306 assigned label: NONE
Cluster 433 assigned label: NONE
Cluster 383 assigned label: NONE
Cluster 141 assigned label: IDENT
Cluster 215 assigned label: NONE
Cluster 148 assigned label: IDENT
Cluster 354 assigned label: NONE
Cluster 393 assigned label: NONE
Cluster 340 assigned label: NONE
Cluster 278 assigned label: IDENT
Cluster 84 assigned label: NONE
Cluster 447 assigned label: NONE
Cluster 368 assigned label: NONE
Cluster 101 assigned label: IDENT
Cluster 343 assigned label: NONE
Cluster 105 assigned label: NONE
Cluster 85 assigned label: NONE
Cluster 487 assigned label: NONE
Cluster 361 assigned label: NONE
Cluster 290 assigned label: NONE
Cluster 27 assigned label: NONE
Cluster 344 assigned label: NONE
Cluster 192 assigned label: IDENT
Cluster 125 assigned label: IDENT
Cluster 170 assigned label: IDENT
Cluster 304 assigned label: IDENT
Cluster 234 assigned label: IDENT
Cluster 89 assigned label: NONE
Cluster 465 assigned label: STRING
Cluster 185 assigned label: NONE
Cluster 20 assigned label: NONE
Cluster 30 assigned label: IDENT
Cluster 24 assigned label: NONE
Cluster 480 assigned label: IDENT
Cluster 279 assigned label: NONE
Cluster 213 assigned label: NONE
Cluster 66 assigned label: IDENT
Cluster 241 assigned label: IDENT
Cluster 460 assigned label: IDENT
Cluster 404 assigned label: NONE
Cluster 19 assigned label: NONE
Cluster 266 assigned label: NONE
Cluster 130 assigned label: NONE
Cluster 232 assigned label: NONE
Cluster 98 assigned label: NONE
Cluster 187 assigned label: NONE
Cluster 182 assigned label: NONE
Cluster 300 assigned label: IDENT
Cluster 322 assigned label: NONE
Cluster 3 assigned label: IDENT
Cluster 454 assigned label: NONE
Cluster 398 assigned label: IDENT
Cluster 198 assigned label: IDENT
Cluster 405 assigned label: NONE
Cluster 446 assigned label: NONE
Cluster 468 assigned label: NONE
Cluster 255 assigned label: IDENT
Cluster 347 assigned label: NONE
Cluster 459 assigned label: NONE
Cluster 60 assigned label: NONE
Cluster 442 assigned label: IDENT
Cluster 238 assigned label: IDENT
Cluster 176 assigned label: IDENT
Cluster 301 assigned label: NONE
Cluster 243 assigned label: IDENT
Cluster 83 assigned label: IDENT
Cluster 414 assigned label: NONE
Cluster 471 assigned label: NONE
Cluster 295 assigned label: NONE
Cluster 311 assigned label: NONE
Cluster 345 assigned label: NONE
Cluster 274 assigned label: NONE
Cluster 269 assigned label: NONE
Cluster 150 assigned label: NONE
Cluster 214 assigned label: IDENT
Cluster 464 assigned label: NONE
Cluster 164 assigned label: IDENT
Cluster 38 assigned label: NONE
Cluster 276 assigned label: NONE
Cluster 498 assigned label: NONE
Cluster 395 assigned label: NONE
Cluster 249 assigned label: IDENT
Cluster 54 assigned label: IDENT
Cluster 82 assigned label: IDENT
Cluster 197 assigned label: NONE
Cluster 458 assigned label: NONE
Cluster 142 assigned label: NONE
Cluster 147 assigned label: NONE
Cluster 316 assigned label: NONE
Cluster 256 assigned label: NONE
Cluster 251 assigned label: NONE
Cluster 191 assigned label: IDENT
Cluster 95 assigned label: IDENT
Cluster 126 assigned label: IDENT
Cluster 211 assigned label: IDENT
Cluster 1 assigned label: IDENT
Cluster 499 assigned label: NONE
Cluster 209 assigned label: IDENT
Cluster 359 assigned label: NONE
Cluster 337 assigned label: IDENT
Cluster 44 assigned label: IDENT
Cluster 478 assigned label: NONE
Cluster 391 assigned label: IDENT
Cluster 494 assigned label: IDENT
Cluster 124 assigned label: IDENT
Cluster 488 assigned label: NONE
Cluster 325 assigned label: NONE
Cluster 495 assigned label: NONE
Cluster 169 assigned label: NONE
Cluster 444 assigned label: NONE
Cluster 384 assigned label: NONE
Cluster 212 assigned label: NONE
Cluster 419 assigned label: IDENT
Cluster 385 assigned label: IDENT
Cluster 349 assigned label: NONE
Cluster 149 assigned label: NONE
Cluster 111 assigned label: IDENT
Cluster 364 assigned label: NONE
Cluster 483 assigned label: NONE
Cluster 73 assigned label: IDENT
Cluster 189 assigned label: IDENT
Cluster 113 assigned label: NONE
Cluster 259 assigned label: NONE
Cluster 229 assigned label: NONE
Cluster 223 assigned label: NONE
Cluster 250 assigned label: NONE
Cluster 466 assigned label: NONE
Cluster 422 assigned label: NONE
Cluster 400 assigned label: NONE
Cluster 497 assigned label: NONE
Cluster 273 assigned label: NONE
Cluster 128 assigned label: NONE
Cluster 181 assigned label: NONE
Cluster 190 assigned label: NONE
Cluster 490 assigned label: NONE
Cluster 160 assigned label: NONE
Cluster 288 assigned label: NONE
Cluster 492 assigned label: NONE
Cluster 186 assigned label: NONE
Cluster 205 assigned label: NONE
Cluster 237 assigned label: NONE
Cluster 180 assigned label: NONE
Cluster 409 assigned label: IDENT
Cluster 235 assigned label: IDENT
Cluster 455 assigned label: NONE
Cluster 257 assigned label: NONE
Cluster 457 assigned label: NONE
Number of clusters successfully assigned a label: 141

Running with method: M1, threshold: 60
Cluster 484 assigned label: NONE
Cluster 2 assigned label: NONE
Cluster 399 assigned label: NONE
Cluster 184 assigned label: NONE
Cluster 68 assigned label: IDENT
Cluster 102 assigned label: NONE
Cluster 289 assigned label: NONE
Cluster 195 assigned label: IDENT
Cluster 286 assigned label: NONE
Cluster 47 assigned label: IDENT
Cluster 53 assigned label: NONE
Cluster 28 assigned label: IDENT
Cluster 21 assigned label: IDENT
Cluster 51 assigned label: IDENT
Cluster 363 assigned label: IDENT
Cluster 225 assigned label: NONE
Cluster 50 assigned label: IDENT
Cluster 92 assigned label: NONE
Cluster 91 assigned label: NONE
Cluster 387 assigned label: NONE
Cluster 196 assigned label: NONE
Cluster 360 assigned label: NONE
Cluster 310 assigned label: NONE
Cluster 470 assigned label: NONE
Cluster 108 assigned label: NONE
Cluster 221 assigned label: IDENT
Cluster 117 assigned label: NONE
Cluster 254 assigned label: NONE
Cluster 265 assigned label: NONE
Cluster 432 assigned label: NONE
Cluster 263 assigned label: NONE
Cluster 307 assigned label: NONE
Cluster 312 assigned label: NONE
Cluster 226 assigned label: NONE
Cluster 62 assigned label: IDENT
Cluster 302 assigned label: IDENT
Cluster 271 assigned label: NONE
Cluster 224 assigned label: IDENT
Cluster 443 assigned label: NONE
Cluster 163 assigned label: NONE
Cluster 49 assigned label: NONE
Cluster 216 assigned label: IDENT
Cluster 323 assigned label: NONE
Cluster 481 assigned label: NONE
Cluster 390 assigned label: NONE
Cluster 445 assigned label: NONE
Cluster 7 assigned label: NONE
Cluster 327 assigned label: NONE
Cluster 303 assigned label: NONE
Cluster 76 assigned label: IDENT
Cluster 305 assigned label: NONE
Cluster 370 assigned label: NONE
Cluster 153 assigned label: NONE
Cluster 118 assigned label: NONE
Cluster 41 assigned label: NONE
Cluster 420 assigned label: NONE
Cluster 365 assigned label: NONE
Cluster 452 assigned label: NONE
Cluster 172 assigned label: IDENT
Cluster 258 assigned label: NONE
Cluster 201 assigned label: NONE
Cluster 136 assigned label: NONE
Cluster 154 assigned label: IDENT
Cluster 52 assigned label: NONE
Cluster 247 assigned label: IDENT
Cluster 248 assigned label: NONE
Cluster 372 assigned label: NONE
Cluster 162 assigned label: NONE
Cluster 283 assigned label: NONE
Cluster 166 assigned label: NONE
Cluster 293 assigned label: IDENT
Cluster 262 assigned label: NONE
Cluster 59 assigned label: NONE
Cluster 177 assigned label: NONE
Cluster 386 assigned label: IDENT
Cluster 309 assigned label: NONE
Cluster 331 assigned label: NONE
Cluster 0 assigned label: NONE
Cluster 427 assigned label: NONE
Cluster 139 assigned label: NONE
Cluster 381 assigned label: IDENT
Cluster 417 assigned label: NONE
Cluster 339 assigned label: NONE
Cluster 246 assigned label: IDENT
Cluster 114 assigned label: NONE
Cluster 434 assigned label: NONE
Cluster 335 assigned label: NONE
Cluster 204 assigned label: IDENT
Cluster 244 assigned label: NONE
Cluster 407 assigned label: NONE
Cluster 208 assigned label: IDENT
Cluster 144 assigned label: NONE
Cluster 210 assigned label: NONE
Cluster 284 assigned label: IDENT
Cluster 86 assigned label: NONE
Cluster 324 assigned label: NONE
Cluster 23 assigned label: IDENT
Cluster 26 assigned label: NONE
Cluster 475 assigned label: NONE
Cluster 199 assigned label: NONE
Cluster 227 assigned label: NONE
Cluster 129 assigned label: IDENT
Cluster 437 assigned label: IDENT
Cluster 438 assigned label: NONE
Cluster 79 assigned label: NONE
Cluster 308 assigned label: NONE
Cluster 179 assigned label: STRING
Cluster 135 assigned label: NONE
Cluster 491 assigned label: NONE
Cluster 99 assigned label: IDENT
Cluster 116 assigned label: NONE
Cluster 13 assigned label: NONE
Cluster 285 assigned label: NONE
Cluster 291 assigned label: NONE
Cluster 159 assigned label: IDENT
Cluster 157 assigned label: NONE
Cluster 107 assigned label: NONE
Cluster 171 assigned label: NONE
Cluster 17 assigned label: NONE
Cluster 145 assigned label: NONE
Cluster 109 assigned label: NONE
Cluster 87 assigned label: NONE
Cluster 353 assigned label: NONE
Cluster 379 assigned label: NONE
Cluster 123 assigned label: NONE
Cluster 46 assigned label: NONE
Cluster 456 assigned label: NONE
Cluster 376 assigned label: IDENT
Cluster 277 assigned label: IDENT
Cluster 397 assigned label: NONE
Cluster 138 assigned label: NONE
Cluster 423 assigned label: NONE
Cluster 121 assigned label: NONE
Cluster 152 assigned label: IDENT
Cluster 161 assigned label: NONE
Cluster 418 assigned label: IDENT
Cluster 57 assigned label: NONE
Cluster 133 assigned label: NONE
Cluster 485 assigned label: NONE
Cluster 8 assigned label: NONE
Cluster 245 assigned label: IDENT
Cluster 330 assigned label: NONE
Cluster 100 assigned label: IDENT
Cluster 348 assigned label: NONE
Cluster 97 assigned label: NONE
Cluster 48 assigned label: NONE
Cluster 94 assigned label: IDENT
Cluster 74 assigned label: NONE
Cluster 451 assigned label: NONE
Cluster 61 assigned label: NONE
Cluster 334 assigned label: NONE
Cluster 80 assigned label: NONE
Cluster 320 assigned label: IDENT
Cluster 236 assigned label: NONE
Cluster 342 assigned label: NONE
Cluster 403 assigned label: NONE
Cluster 42 assigned label: IDENT
Cluster 81 assigned label: IDENT
Cluster 206 assigned label: IDENT
Cluster 297 assigned label: NONE
Cluster 239 assigned label: IDENT
Cluster 175 assigned label: IDENT
Cluster 479 assigned label: NONE
Cluster 65 assigned label: IDENT
Cluster 321 assigned label: NONE
Cluster 336 assigned label: NONE
Cluster 173 assigned label: NONE
Cluster 18 assigned label: NONE
Cluster 358 assigned label: NONE
Cluster 233 assigned label: NONE
Cluster 165 assigned label: IDENT
Cluster 231 assigned label: NONE
Cluster 299 assigned label: NONE
Cluster 45 assigned label: IDENT
Cluster 338 assigned label: NONE
Cluster 430 assigned label: IDENT
Cluster 132 assigned label: NONE
Cluster 137 assigned label: NONE
Cluster 32 assigned label: NONE
Cluster 415 assigned label: NONE
Cluster 402 assigned label: NONE
Cluster 56 assigned label: NONE
Cluster 151 assigned label: IDENT
Cluster 267 assigned label: IDENT
Cluster 156 assigned label: NONE
Cluster 357 assigned label: NONE
Cluster 366 assigned label: NONE
Cluster 202 assigned label: IDENT
Cluster 122 assigned label: IDENT
Cluster 88 assigned label: NONE
Cluster 104 assigned label: NONE
Cluster 90 assigned label: IDENT
Cluster 252 assigned label: NONE
Cluster 31 assigned label: IDENT
Cluster 424 assigned label: NONE
Cluster 367 assigned label: NONE
Cluster 355 assigned label: NONE
Cluster 222 assigned label: NONE
Cluster 33 assigned label: NONE
Cluster 326 assigned label: NONE
Cluster 453 assigned label: NONE
Cluster 314 assigned label: NONE
Cluster 378 assigned label: IDENT
Cluster 219 assigned label: NONE
Cluster 29 assigned label: IDENT
Cluster 36 assigned label: NONE
Cluster 228 assigned label: NONE
Cluster 12 assigned label: NONE
Cluster 115 assigned label: NONE
Cluster 369 assigned label: NONE
Cluster 441 assigned label: NONE
Cluster 55 assigned label: NONE
Cluster 168 assigned label: NONE
Cluster 35 assigned label: IDENT
Cluster 396 assigned label: NONE
Cluster 143 assigned label: NONE
Cluster 462 assigned label: NONE
Cluster 292 assigned label: IDENT
Cluster 39 assigned label: NONE
Cluster 408 assigned label: NONE
Cluster 200 assigned label: NONE
Cluster 413 assigned label: NONE
Cluster 72 assigned label: IDENT
Cluster 328 assigned label: NONE
Cluster 134 assigned label: NONE
Cluster 476 assigned label: NONE
Cluster 332 assigned label: IDENT
Cluster 294 assigned label: NONE
Cluster 268 assigned label: NONE
Cluster 110 assigned label: NONE
Cluster 71 assigned label: IDENT
Cluster 260 assigned label: NONE
Cluster 158 assigned label: NONE
Cluster 193 assigned label: NONE
Cluster 429 assigned label: NONE
Cluster 287 assigned label: NONE
Cluster 411 assigned label: NONE
Cluster 78 assigned label: IDENT
Cluster 317 assigned label: NONE
Cluster 63 assigned label: NONE
Cluster 5 assigned label: NONE
Cluster 333 assigned label: NONE
Cluster 146 assigned label: NONE
Cluster 428 assigned label: NONE
Cluster 155 assigned label: NONE
Cluster 410 assigned label: NONE
Cluster 22 assigned label: NONE
Cluster 103 assigned label: NONE
Cluster 412 assigned label: NONE
Cluster 448 assigned label: NONE
Cluster 75 assigned label: NONE
Cluster 374 assigned label: NONE
Cluster 264 assigned label: NONE
Cluster 486 assigned label: NONE
Cluster 281 assigned label: NONE
Cluster 392 assigned label: NONE
Cluster 436 assigned label: NONE
Cluster 242 assigned label: NONE
Cluster 373 assigned label: NONE
Cluster 207 assigned label: NONE
Cluster 270 assigned label: NONE
Cluster 389 assigned label: NONE
Cluster 341 assigned label: NONE
Cluster 188 assigned label: IDENT
Cluster 220 assigned label: IDENT
Cluster 298 assigned label: IDENT
Cluster 178 assigned label: NONE
Cluster 401 assigned label: NONE
Cluster 473 assigned label: NONE
Cluster 96 assigned label: NONE
Cluster 463 assigned label: NONE
Cluster 450 assigned label: NONE
Cluster 493 assigned label: IDENT
Cluster 329 assigned label: NONE
Cluster 11 assigned label: IDENT
Cluster 421 assigned label: NONE
Cluster 461 assigned label: IDENT
Cluster 435 assigned label: NONE
Cluster 425 assigned label: NONE
Cluster 280 assigned label: NONE
Cluster 40 assigned label: NONE
Cluster 315 assigned label: IDENT
Cluster 10 assigned label: IDENT
Cluster 371 assigned label: NONE
Cluster 64 assigned label: NONE
Cluster 120 assigned label: NONE
Cluster 351 assigned label: NONE
Cluster 6 assigned label: IDENT
Cluster 296 assigned label: NONE
Cluster 217 assigned label: NONE
Cluster 69 assigned label: IDENT
Cluster 37 assigned label: NONE
Cluster 350 assigned label: NONE
Cluster 382 assigned label: NONE
Cluster 352 assigned label: IDENT
Cluster 183 assigned label: IDENT
Cluster 106 assigned label: IDENT
Cluster 15 assigned label: IDENT
Cluster 467 assigned label: NONE
Cluster 474 assigned label: NONE
Cluster 440 assigned label: NONE
Cluster 496 assigned label: NONE
Cluster 282 assigned label: IDENT
Cluster 16 assigned label: IDENT
Cluster 230 assigned label: IDENT
Cluster 426 assigned label: NONE
Cluster 261 assigned label: NONE
Cluster 472 assigned label: NONE
Cluster 406 assigned label: NONE
Cluster 313 assigned label: IDENT
Cluster 131 assigned label: NONE
Cluster 469 assigned label: NONE
Cluster 4 assigned label: IDENT
Cluster 14 assigned label: IDENT
Cluster 275 assigned label: NONE
Cluster 119 assigned label: NONE
Cluster 112 assigned label: NONE
Cluster 127 assigned label: NONE
Cluster 67 assigned label: NONE
Cluster 318 assigned label: NONE
Cluster 253 assigned label: NONE
Cluster 489 assigned label: NONE
Cluster 439 assigned label: IDENT
Cluster 272 assigned label: NONE
Cluster 388 assigned label: IDENT
Cluster 93 assigned label: NONE
Cluster 43 assigned label: IDENT
Cluster 482 assigned label: NONE
Cluster 194 assigned label: IDENT
Cluster 394 assigned label: NONE
Cluster 77 assigned label: IDENT
Cluster 319 assigned label: NONE
Cluster 377 assigned label: IDENT
Cluster 416 assigned label: NONE
Cluster 431 assigned label: IDENT
Cluster 356 assigned label: NONE
Cluster 70 assigned label: NONE
Cluster 25 assigned label: NONE
Cluster 449 assigned label: IDENT
Cluster 203 assigned label: NONE
Cluster 346 assigned label: NONE
Cluster 140 assigned label: IDENT
Cluster 240 assigned label: NONE
Cluster 380 assigned label: NONE
Cluster 218 assigned label: NONE
Cluster 375 assigned label: NONE
Cluster 9 assigned label: IDENT
Cluster 58 assigned label: IDENT
Cluster 477 assigned label: NONE
Cluster 34 assigned label: NONE
Cluster 167 assigned label: IDENT
Cluster 362 assigned label: NONE
Cluster 174 assigned label: NONE
Cluster 306 assigned label: NONE
Cluster 433 assigned label: NONE
Cluster 383 assigned label: NONE
Cluster 141 assigned label: IDENT
Cluster 215 assigned label: NONE
Cluster 148 assigned label: IDENT
Cluster 354 assigned label: NONE
Cluster 393 assigned label: NONE
Cluster 340 assigned label: NONE
Cluster 278 assigned label: IDENT
Cluster 84 assigned label: NONE
Cluster 447 assigned label: NONE
Cluster 368 assigned label: NONE
Cluster 101 assigned label: IDENT
Cluster 343 assigned label: NONE
Cluster 105 assigned label: NONE
Cluster 85 assigned label: NONE
Cluster 487 assigned label: NONE
Cluster 361 assigned label: NONE
Cluster 290 assigned label: NONE
Cluster 27 assigned label: NONE
Cluster 344 assigned label: NONE
Cluster 192 assigned label: IDENT
Cluster 125 assigned label: IDENT
Cluster 170 assigned label: IDENT
Cluster 304 assigned label: IDENT
Cluster 234 assigned label: IDENT
Cluster 89 assigned label: NONE
Cluster 465 assigned label: STRING
Cluster 185 assigned label: NONE
Cluster 20 assigned label: NONE
Cluster 30 assigned label: IDENT
Cluster 24 assigned label: NONE
Cluster 480 assigned label: IDENT
Cluster 279 assigned label: NONE
Cluster 213 assigned label: NONE
Cluster 66 assigned label: IDENT
Cluster 241 assigned label: IDENT
Cluster 460 assigned label: IDENT
Cluster 404 assigned label: NONE
Cluster 19 assigned label: NONE
Cluster 266 assigned label: NONE
Cluster 130 assigned label: NONE
Cluster 232 assigned label: NONE
Cluster 98 assigned label: NONE
Cluster 187 assigned label: NONE
Cluster 182 assigned label: NONE
Cluster 300 assigned label: IDENT
Cluster 322 assigned label: NONE
Cluster 3 assigned label: IDENT
Cluster 454 assigned label: NONE
Cluster 398 assigned label: IDENT
Cluster 198 assigned label: IDENT
Cluster 405 assigned label: NONE
Cluster 446 assigned label: NONE
Cluster 468 assigned label: NONE
Cluster 255 assigned label: IDENT
Cluster 347 assigned label: NONE
Cluster 459 assigned label: NONE
Cluster 60 assigned label: NONE
Cluster 442 assigned label: IDENT
Cluster 238 assigned label: IDENT
Cluster 176 assigned label: IDENT
Cluster 301 assigned label: NONE
Cluster 243 assigned label: IDENT
Cluster 83 assigned label: IDENT
Cluster 414 assigned label: NONE
Cluster 471 assigned label: NONE
Cluster 295 assigned label: NONE
Cluster 311 assigned label: NONE
Cluster 345 assigned label: NONE
Cluster 274 assigned label: NONE
Cluster 269 assigned label: NONE
Cluster 150 assigned label: NONE
Cluster 214 assigned label: IDENT
Cluster 464 assigned label: NONE
Cluster 164 assigned label: IDENT
Cluster 38 assigned label: NONE
Cluster 276 assigned label: NONE
Cluster 498 assigned label: NONE
Cluster 395 assigned label: NONE
Cluster 249 assigned label: IDENT
Cluster 54 assigned label: IDENT
Cluster 82 assigned label: IDENT
Cluster 197 assigned label: NONE
Cluster 458 assigned label: NONE
Cluster 142 assigned label: NONE
Cluster 147 assigned label: NONE
Cluster 316 assigned label: NONE
Cluster 256 assigned label: NONE
Cluster 251 assigned label: NONE
Cluster 191 assigned label: IDENT
Cluster 95 assigned label: IDENT
Cluster 126 assigned label: IDENT
Cluster 211 assigned label: IDENT
Cluster 1 assigned label: IDENT
Cluster 499 assigned label: NONE
Cluster 209 assigned label: IDENT
Cluster 359 assigned label: NONE
Cluster 337 assigned label: IDENT
Cluster 44 assigned label: IDENT
Cluster 478 assigned label: NONE
Cluster 391 assigned label: IDENT
Cluster 494 assigned label: IDENT
Cluster 124 assigned label: IDENT
Cluster 488 assigned label: NONE
Cluster 325 assigned label: NONE
Cluster 495 assigned label: NONE
Cluster 169 assigned label: NONE
Cluster 444 assigned label: NONE
Cluster 384 assigned label: NONE
Cluster 212 assigned label: NONE
Cluster 419 assigned label: IDENT
Cluster 385 assigned label: IDENT
Cluster 349 assigned label: NONE
Cluster 149 assigned label: NONE
Cluster 111 assigned label: IDENT
Cluster 364 assigned label: NONE
Cluster 483 assigned label: NONE
Cluster 73 assigned label: IDENT
Cluster 189 assigned label: IDENT
Cluster 113 assigned label: NONE
Cluster 259 assigned label: NONE
Cluster 229 assigned label: NONE
Cluster 223 assigned label: NONE
Cluster 250 assigned label: NONE
Cluster 466 assigned label: NONE
Cluster 422 assigned label: NONE
Cluster 400 assigned label: NONE
Cluster 497 assigned label: NONE
Cluster 273 assigned label: NONE
Cluster 128 assigned label: NONE
Cluster 181 assigned label: NONE
Cluster 190 assigned label: NONE
Cluster 490 assigned label: NONE
Cluster 160 assigned label: NONE
Cluster 288 assigned label: NONE
Cluster 492 assigned label: NONE
Cluster 186 assigned label: NONE
Cluster 205 assigned label: NONE
Cluster 237 assigned label: NONE
Cluster 180 assigned label: NONE
Cluster 409 assigned label: IDENT
Cluster 235 assigned label: IDENT
Cluster 455 assigned label: NONE
Cluster 257 assigned label: NONE
Cluster 457 assigned label: NONE
Number of clusters successfully assigned a label: 141

Running with method: M1, threshold: 70
Cluster 484 assigned label: NONE
Cluster 2 assigned label: NONE
Cluster 399 assigned label: NONE
Cluster 184 assigned label: NONE
Cluster 68 assigned label: IDENT
Cluster 102 assigned label: NONE
Cluster 289 assigned label: NONE
Cluster 195 assigned label: IDENT
Cluster 286 assigned label: NONE
Cluster 47 assigned label: IDENT
Cluster 53 assigned label: NONE
Cluster 28 assigned label: IDENT
Cluster 21 assigned label: IDENT
Cluster 51 assigned label: IDENT
Cluster 363 assigned label: IDENT
Cluster 225 assigned label: NONE
Cluster 50 assigned label: IDENT
Cluster 92 assigned label: NONE
Cluster 91 assigned label: NONE
Cluster 387 assigned label: NONE
Cluster 196 assigned label: NONE
Cluster 360 assigned label: NONE
Cluster 310 assigned label: NONE
Cluster 470 assigned label: NONE
Cluster 108 assigned label: NONE
Cluster 221 assigned label: IDENT
Cluster 117 assigned label: NONE
Cluster 254 assigned label: NONE
Cluster 265 assigned label: NONE
Cluster 432 assigned label: NONE
Cluster 263 assigned label: NONE
Cluster 307 assigned label: NONE
Cluster 312 assigned label: NONE
Cluster 226 assigned label: NONE
Cluster 62 assigned label: IDENT
Cluster 302 assigned label: IDENT
Cluster 271 assigned label: NONE
Cluster 224 assigned label: IDENT
Cluster 443 assigned label: NONE
Cluster 163 assigned label: NONE
Cluster 49 assigned label: NONE
Cluster 216 assigned label: IDENT
Cluster 323 assigned label: NONE
Cluster 481 assigned label: NONE
Cluster 390 assigned label: NONE
Cluster 445 assigned label: NONE
Cluster 7 assigned label: NONE
Cluster 327 assigned label: NONE
Cluster 303 assigned label: NONE
Cluster 76 assigned label: IDENT
Cluster 305 assigned label: NONE
Cluster 370 assigned label: NONE
Cluster 153 assigned label: NONE
Cluster 118 assigned label: NONE
Cluster 41 assigned label: NONE
Cluster 420 assigned label: NONE
Cluster 365 assigned label: NONE
Cluster 452 assigned label: NONE
Cluster 172 assigned label: IDENT
Cluster 258 assigned label: NONE
Cluster 201 assigned label: NONE
Cluster 136 assigned label: NONE
Cluster 154 assigned label: IDENT
Cluster 52 assigned label: NONE
Cluster 247 assigned label: IDENT
Cluster 248 assigned label: NONE
Cluster 372 assigned label: NONE
Cluster 162 assigned label: NONE
Cluster 283 assigned label: NONE
Cluster 166 assigned label: NONE
Cluster 293 assigned label: IDENT
Cluster 262 assigned label: NONE
Cluster 59 assigned label: NONE
Cluster 177 assigned label: NONE
Cluster 386 assigned label: IDENT
Cluster 309 assigned label: NONE
Cluster 331 assigned label: NONE
Cluster 0 assigned label: NONE
Cluster 427 assigned label: NONE
Cluster 139 assigned label: NONE
Cluster 381 assigned label: IDENT
Cluster 417 assigned label: NONE
Cluster 339 assigned label: NONE
Cluster 246 assigned label: IDENT
Cluster 114 assigned label: NONE
Cluster 434 assigned label: NONE
Cluster 335 assigned label: NONE
Cluster 204 assigned label: IDENT
Cluster 244 assigned label: NONE
Cluster 407 assigned label: NONE
Cluster 208 assigned label: IDENT
Cluster 144 assigned label: NONE
Cluster 210 assigned label: NONE
Cluster 284 assigned label: IDENT
Cluster 86 assigned label: NONE
Cluster 324 assigned label: NONE
Cluster 23 assigned label: IDENT
Cluster 26 assigned label: NONE
Cluster 475 assigned label: NONE
Cluster 199 assigned label: NONE
Cluster 227 assigned label: NONE
Cluster 129 assigned label: IDENT
Cluster 437 assigned label: IDENT
Cluster 438 assigned label: NONE
Cluster 79 assigned label: NONE
Cluster 308 assigned label: NONE
Cluster 179 assigned label: STRING
Cluster 135 assigned label: NONE
Cluster 491 assigned label: NONE
Cluster 99 assigned label: IDENT
Cluster 116 assigned label: NONE
Cluster 13 assigned label: NONE
Cluster 285 assigned label: NONE
Cluster 291 assigned label: NONE
Cluster 159 assigned label: IDENT
Cluster 157 assigned label: NONE
Cluster 107 assigned label: NONE
Cluster 171 assigned label: NONE
Cluster 17 assigned label: NONE
Cluster 145 assigned label: NONE
Cluster 109 assigned label: NONE
Cluster 87 assigned label: NONE
Cluster 353 assigned label: NONE
Cluster 379 assigned label: NONE
Cluster 123 assigned label: NONE
Cluster 46 assigned label: NONE
Cluster 456 assigned label: NONE
Cluster 376 assigned label: IDENT
Cluster 277 assigned label: IDENT
Cluster 397 assigned label: NONE
Cluster 138 assigned label: NONE
Cluster 423 assigned label: NONE
Cluster 121 assigned label: NONE
Cluster 152 assigned label: IDENT
Cluster 161 assigned label: NONE
Cluster 418 assigned label: IDENT
Cluster 57 assigned label: NONE
Cluster 133 assigned label: NONE
Cluster 485 assigned label: NONE
Cluster 8 assigned label: NONE
Cluster 245 assigned label: IDENT
Cluster 330 assigned label: NONE
Cluster 100 assigned label: IDENT
Cluster 348 assigned label: NONE
Cluster 97 assigned label: NONE
Cluster 48 assigned label: NONE
Cluster 94 assigned label: IDENT
Cluster 74 assigned label: NONE
Cluster 451 assigned label: NONE
Cluster 61 assigned label: NONE
Cluster 334 assigned label: NONE
Cluster 80 assigned label: NONE
Cluster 320 assigned label: IDENT
Cluster 236 assigned label: NONE
Cluster 342 assigned label: NONE
Cluster 403 assigned label: NONE
Cluster 42 assigned label: IDENT
Cluster 81 assigned label: IDENT
Cluster 206 assigned label: IDENT
Cluster 297 assigned label: NONE
Cluster 239 assigned label: IDENT
Cluster 175 assigned label: IDENT
Cluster 479 assigned label: NONE
Cluster 65 assigned label: IDENT
Cluster 321 assigned label: NONE
Cluster 336 assigned label: NONE
Cluster 173 assigned label: NONE
Cluster 18 assigned label: NONE
Cluster 358 assigned label: NONE
Cluster 233 assigned label: NONE
Cluster 165 assigned label: IDENT
Cluster 231 assigned label: NONE
Cluster 299 assigned label: NONE
Cluster 45 assigned label: IDENT
Cluster 338 assigned label: NONE
Cluster 430 assigned label: IDENT
Cluster 132 assigned label: NONE
Cluster 137 assigned label: NONE
Cluster 32 assigned label: NONE
Cluster 415 assigned label: NONE
Cluster 402 assigned label: NONE
Cluster 56 assigned label: NONE
Cluster 151 assigned label: IDENT
Cluster 267 assigned label: IDENT
Cluster 156 assigned label: NONE
Cluster 357 assigned label: NONE
Cluster 366 assigned label: NONE
Cluster 202 assigned label: IDENT
Cluster 122 assigned label: IDENT
Cluster 88 assigned label: NONE
Cluster 104 assigned label: NONE
Cluster 90 assigned label: IDENT
Cluster 252 assigned label: NONE
Cluster 31 assigned label: IDENT
Cluster 424 assigned label: NONE
Cluster 367 assigned label: NONE
Cluster 355 assigned label: NONE
Cluster 222 assigned label: NONE
Cluster 33 assigned label: NONE
Cluster 326 assigned label: NONE
Cluster 453 assigned label: NONE
Cluster 314 assigned label: NONE
Cluster 378 assigned label: IDENT
Cluster 219 assigned label: NONE
Cluster 29 assigned label: IDENT
Cluster 36 assigned label: NONE
Cluster 228 assigned label: NONE
Cluster 12 assigned label: NONE
Cluster 115 assigned label: NONE
Cluster 369 assigned label: NONE
Cluster 441 assigned label: NONE
Cluster 55 assigned label: NONE
Cluster 168 assigned label: NONE
Cluster 35 assigned label: IDENT
Cluster 396 assigned label: NONE
Cluster 143 assigned label: NONE
Cluster 462 assigned label: NONE
Cluster 292 assigned label: IDENT
Cluster 39 assigned label: NONE
Cluster 408 assigned label: NONE
Cluster 200 assigned label: NONE
Cluster 413 assigned label: NONE
Cluster 72 assigned label: IDENT
Cluster 328 assigned label: NONE
Cluster 134 assigned label: NONE
Cluster 476 assigned label: NONE
Cluster 332 assigned label: IDENT
Cluster 294 assigned label: NONE
Cluster 268 assigned label: NONE
Cluster 110 assigned label: NONE
Cluster 71 assigned label: IDENT
Cluster 260 assigned label: NONE
Cluster 158 assigned label: NONE
Cluster 193 assigned label: NONE
Cluster 429 assigned label: NONE
Cluster 287 assigned label: NONE
Cluster 411 assigned label: NONE
Cluster 78 assigned label: IDENT
Cluster 317 assigned label: NONE
Cluster 63 assigned label: NONE
Cluster 5 assigned label: NONE
Cluster 333 assigned label: NONE
Cluster 146 assigned label: NONE
Cluster 428 assigned label: NONE
Cluster 155 assigned label: NONE
Cluster 410 assigned label: NONE
Cluster 22 assigned label: NONE
Cluster 103 assigned label: NONE
Cluster 412 assigned label: NONE
Cluster 448 assigned label: NONE
Cluster 75 assigned label: NONE
Cluster 374 assigned label: NONE
Cluster 264 assigned label: NONE
Cluster 486 assigned label: NONE
Cluster 281 assigned label: NONE
Cluster 392 assigned label: NONE
Cluster 436 assigned label: NONE
Cluster 242 assigned label: NONE
Cluster 373 assigned label: NONE
Cluster 207 assigned label: NONE
Cluster 270 assigned label: NONE
Cluster 389 assigned label: NONE
Cluster 341 assigned label: NONE
Cluster 188 assigned label: IDENT
Cluster 220 assigned label: IDENT
Cluster 298 assigned label: IDENT
Cluster 178 assigned label: NONE
Cluster 401 assigned label: NONE
Cluster 473 assigned label: NONE
Cluster 96 assigned label: NONE
Cluster 463 assigned label: NONE
Cluster 450 assigned label: NONE
Cluster 493 assigned label: IDENT
Cluster 329 assigned label: NONE
Cluster 11 assigned label: IDENT
Cluster 421 assigned label: NONE
Cluster 461 assigned label: IDENT
Cluster 435 assigned label: NONE
Cluster 425 assigned label: NONE
Cluster 280 assigned label: NONE
Cluster 40 assigned label: NONE
Cluster 315 assigned label: IDENT
Cluster 10 assigned label: IDENT
Cluster 371 assigned label: NONE
Cluster 64 assigned label: NONE
Cluster 120 assigned label: NONE
Cluster 351 assigned label: NONE
Cluster 6 assigned label: IDENT
Cluster 296 assigned label: NONE
Cluster 217 assigned label: NONE
Cluster 69 assigned label: IDENT
Cluster 37 assigned label: NONE
Cluster 350 assigned label: NONE
Cluster 382 assigned label: NONE
Cluster 352 assigned label: IDENT
Cluster 183 assigned label: IDENT
Cluster 106 assigned label: IDENT
Cluster 15 assigned label: IDENT
Cluster 467 assigned label: NONE
Cluster 474 assigned label: NONE
Cluster 440 assigned label: NONE
Cluster 496 assigned label: NONE
Cluster 282 assigned label: IDENT
Cluster 16 assigned label: IDENT
Cluster 230 assigned label: IDENT
Cluster 426 assigned label: NONE
Cluster 261 assigned label: NONE
Cluster 472 assigned label: NONE
Cluster 406 assigned label: NONE
Cluster 313 assigned label: IDENT
Cluster 131 assigned label: NONE
Cluster 469 assigned label: NONE
Cluster 4 assigned label: IDENT
Cluster 14 assigned label: IDENT
Cluster 275 assigned label: NONE
Cluster 119 assigned label: NONE
Cluster 112 assigned label: NONE
Cluster 127 assigned label: NONE
Cluster 67 assigned label: NONE
Cluster 318 assigned label: NONE
Cluster 253 assigned label: NONE
Cluster 489 assigned label: NONE
Cluster 439 assigned label: IDENT
Cluster 272 assigned label: NONE
Cluster 388 assigned label: IDENT
Cluster 93 assigned label: NONE
Cluster 43 assigned label: IDENT
Cluster 482 assigned label: NONE
Cluster 194 assigned label: IDENT
Cluster 394 assigned label: NONE
Cluster 77 assigned label: IDENT
Cluster 319 assigned label: NONE
Cluster 377 assigned label: IDENT
Cluster 416 assigned label: NONE
Cluster 431 assigned label: IDENT
Cluster 356 assigned label: NONE
Cluster 70 assigned label: NONE
Cluster 25 assigned label: NONE
Cluster 449 assigned label: IDENT
Cluster 203 assigned label: NONE
Cluster 346 assigned label: NONE
Cluster 140 assigned label: IDENT
Cluster 240 assigned label: NONE
Cluster 380 assigned label: NONE
Cluster 218 assigned label: NONE
Cluster 375 assigned label: NONE
Cluster 9 assigned label: IDENT
Cluster 58 assigned label: IDENT
Cluster 477 assigned label: NONE
Cluster 34 assigned label: NONE
Cluster 167 assigned label: IDENT
Cluster 362 assigned label: NONE
Cluster 174 assigned label: NONE
Cluster 306 assigned label: NONE
Cluster 433 assigned label: NONE
Cluster 383 assigned label: NONE
Cluster 141 assigned label: IDENT
Cluster 215 assigned label: NONE
Cluster 148 assigned label: IDENT
Cluster 354 assigned label: NONE
Cluster 393 assigned label: NONE
Cluster 340 assigned label: NONE
Cluster 278 assigned label: IDENT
Cluster 84 assigned label: NONE
Cluster 447 assigned label: NONE
Cluster 368 assigned label: NONE
Cluster 101 assigned label: IDENT
Cluster 343 assigned label: NONE
Cluster 105 assigned label: NONE
Cluster 85 assigned label: NONE
Cluster 487 assigned label: NONE
Cluster 361 assigned label: NONE
Cluster 290 assigned label: NONE
Cluster 27 assigned label: NONE
Cluster 344 assigned label: NONE
Cluster 192 assigned label: IDENT
Cluster 125 assigned label: IDENT
Cluster 170 assigned label: IDENT
Cluster 304 assigned label: IDENT
Cluster 234 assigned label: IDENT
Cluster 89 assigned label: NONE
Cluster 465 assigned label: STRING
Cluster 185 assigned label: NONE
Cluster 20 assigned label: NONE
Cluster 30 assigned label: IDENT
Cluster 24 assigned label: NONE
Cluster 480 assigned label: IDENT
Cluster 279 assigned label: NONE
Cluster 213 assigned label: NONE
Cluster 66 assigned label: IDENT
Cluster 241 assigned label: IDENT
Cluster 460 assigned label: IDENT
Cluster 404 assigned label: NONE
Cluster 19 assigned label: NONE
Cluster 266 assigned label: NONE
Cluster 130 assigned label: NONE
Cluster 232 assigned label: NONE
Cluster 98 assigned label: NONE
Cluster 187 assigned label: NONE
Cluster 182 assigned label: NONE
Cluster 300 assigned label: IDENT
Cluster 322 assigned label: NONE
Cluster 3 assigned label: IDENT
Cluster 454 assigned label: NONE
Cluster 398 assigned label: IDENT
Cluster 198 assigned label: IDENT
Cluster 405 assigned label: NONE
Cluster 446 assigned label: NONE
Cluster 468 assigned label: NONE
Cluster 255 assigned label: IDENT
Cluster 347 assigned label: NONE
Cluster 459 assigned label: NONE
Cluster 60 assigned label: NONE
Cluster 442 assigned label: IDENT
Cluster 238 assigned label: IDENT
Cluster 176 assigned label: IDENT
Cluster 301 assigned label: NONE
Cluster 243 assigned label: IDENT
Cluster 83 assigned label: IDENT
Cluster 414 assigned label: NONE
Cluster 471 assigned label: NONE
Cluster 295 assigned label: NONE
Cluster 311 assigned label: NONE
Cluster 345 assigned label: NONE
Cluster 274 assigned label: NONE
Cluster 269 assigned label: NONE
Cluster 150 assigned label: NONE
Cluster 214 assigned label: IDENT
Cluster 464 assigned label: NONE
Cluster 164 assigned label: IDENT
Cluster 38 assigned label: NONE
Cluster 276 assigned label: NONE
Cluster 498 assigned label: NONE
Cluster 395 assigned label: NONE
Cluster 249 assigned label: IDENT
Cluster 54 assigned label: IDENT
Cluster 82 assigned label: IDENT
Cluster 197 assigned label: NONE
Cluster 458 assigned label: NONE
Cluster 142 assigned label: NONE
Cluster 147 assigned label: NONE
Cluster 316 assigned label: NONE
Cluster 256 assigned label: NONE
Cluster 251 assigned label: NONE
Cluster 191 assigned label: IDENT
Cluster 95 assigned label: IDENT
Cluster 126 assigned label: IDENT
Cluster 211 assigned label: IDENT
Cluster 1 assigned label: IDENT
Cluster 499 assigned label: NONE
Cluster 209 assigned label: IDENT
Cluster 359 assigned label: NONE
Cluster 337 assigned label: IDENT
Cluster 44 assigned label: IDENT
Cluster 478 assigned label: NONE
Cluster 391 assigned label: IDENT
Cluster 494 assigned label: IDENT
Cluster 124 assigned label: IDENT
Cluster 488 assigned label: NONE
Cluster 325 assigned label: NONE
Cluster 495 assigned label: NONE
Cluster 169 assigned label: NONE
Cluster 444 assigned label: NONE
Cluster 384 assigned label: NONE
Cluster 212 assigned label: NONE
Cluster 419 assigned label: IDENT
Cluster 385 assigned label: IDENT
Cluster 349 assigned label: NONE
Cluster 149 assigned label: NONE
Cluster 111 assigned label: IDENT
Cluster 364 assigned label: NONE
Cluster 483 assigned label: NONE
Cluster 73 assigned label: IDENT
Cluster 189 assigned label: IDENT
Cluster 113 assigned label: NONE
Cluster 259 assigned label: NONE
Cluster 229 assigned label: NONE
Cluster 223 assigned label: NONE
Cluster 250 assigned label: NONE
Cluster 466 assigned label: NONE
Cluster 422 assigned label: NONE
Cluster 400 assigned label: NONE
Cluster 497 assigned label: NONE
Cluster 273 assigned label: NONE
Cluster 128 assigned label: NONE
Cluster 181 assigned label: NONE
Cluster 190 assigned label: NONE
Cluster 490 assigned label: NONE
Cluster 160 assigned label: NONE
Cluster 288 assigned label: NONE
Cluster 492 assigned label: NONE
Cluster 186 assigned label: NONE
Cluster 205 assigned label: NONE
Cluster 237 assigned label: NONE
Cluster 180 assigned label: NONE
Cluster 409 assigned label: IDENT
Cluster 235 assigned label: IDENT
Cluster 455 assigned label: NONE
Cluster 257 assigned label: NONE
Cluster 457 assigned label: NONE
Number of clusters successfully assigned a label: 141

Running with method: M2, threshold: 50
SLASH ['/', '/', '/']
PLUSEUQAL ['+=', '+=', '+=', '+=', '+=']
LEFTSHIFT ['<<']
STAR ['*', '*', '*', '*']
AMPER ['&', '&']
UNKNOWN ['0xFF', '0x0F']
CIRCUMFLEX ['^']
DOUBLECOLON ['::', '::', '::', '::', '::']
LESSEQUAL ['<=', '<=', '<=', '<=']
MINEQUAL ['-=']
Number of clusters successfully assigned a label: 141

Running with method: M2, threshold: 60
SLASH ['/', '/', '/']
PLUSEUQAL ['+=', '+=', '+=', '+=', '+=']
LEFTSHIFT ['<<']
STAR ['*', '*', '*', '*']
AMPER ['&', '&']
UNKNOWN ['0xFF', '0x0F']
CIRCUMFLEX ['^']
DOUBLECOLON ['::', '::', '::', '::', '::']
LESSEQUAL ['<=', '<=', '<=', '<=']
MINEQUAL ['-=']
Number of clusters successfully assigned a label: 141

Running with method: M2, threshold: 70
SLASH ['/', '/', '/']
PLUSEUQAL ['+=', '+=', '+=', '+=', '+=']
LEFTSHIFT ['<<']
STAR ['*', '*', '*', '*']
AMPER ['&', '&']
UNKNOWN ['0xFF', '0x0F']
CIRCUMFLEX ['^']
DOUBLECOLON ['::', '::', '::', '::', '::']
LESSEQUAL ['<=', '<=', '<=', '<=']
MINEQUAL ['-=']
Number of clusters successfully assigned a label: 141
Total runtime: 11.46 seconds
Filename: alignment_updated.py

Line #    Mem usage    Increment  Occurrences   Line Contents
=============================================================
   160     16.9 MiB     16.9 MiB           1   @profile
   161                                         def main():
   162     16.9 MiB      0.0 MiB           1       parser = argparse.ArgumentParser(description="Assign labels to clusters based on word labels in sentences.")
   163     16.9 MiB      0.0 MiB           1       parser.add_argument("--sentence-file", required=True, help="Path to the sentence file")
   164     16.9 MiB      0.0 MiB           1       parser.add_argument("--label-file", required=True, help="Path to the label file")
   165     16.9 MiB      0.0 MiB           1       parser.add_argument("--cluster-file", required=True, help="Path to the cluster file")
   166     16.9 MiB      0.0 MiB           1       parser.add_argument("--thresholds", nargs='+', required=True, help="Alignment thresholds (e.g., 50 60 70)")
   167     16.9 MiB      0.0 MiB           1       parser.add_argument("--methods", nargs='+', required=True, help="Methods to compare (e.g., M1 M2)")
   168                                         
   169     16.9 MiB      0.0 MiB           1       args = parser.parse_args()
   170                                         
   171     18.1 MiB      1.2 MiB           1       sentences, labels = load_sentences_and_labels(args.sentence_file, args.label_file)
   172     29.7 MiB     11.6 MiB           1       clusters = load_clusters(args.cluster_file)
   173                                         
   174                                             # Open CSV file for logging
   175     29.7 MiB      0.0 MiB           1       with open('analysis_results.csv', mode='w', newline='') as csv_file:
   176     29.7 MiB      0.0 MiB           1           csv_writer = csv.writer(csv_file)
   177     29.7 MiB      0.0 MiB           1           csv_writer.writerow(['Method', 'Threshold', 'Num Clusters', 'Num Tags Covered', 'Num Unique Tags', 'Overall Alignment'])
   178                                         
   179     35.8 MiB     -0.4 MiB           3           for method in args.methods:
   180     35.8 MiB     -1.3 MiB           8               for threshold in args.thresholds:
   181     35.8 MiB     -0.9 MiB           6                   print(f"\nRunning with method: {method}, threshold: {threshold}")
   182     35.8 MiB     -0.9 MiB           6                   if method == "M1":
   183     35.8 MiB      3.4 MiB           3                       label_map, unique_labels = create_label_map(sentences, labels)
   184     35.8 MiB      2.7 MiB           3                       assigned_clusters, assigned_cluster_count = assign_labels_to_clusters(label_map, clusters, int(threshold) / 100)
   185     35.8 MiB     -0.9 MiB           3                   elif method == "M2":
   186     35.8 MiB     -0.9 MiB           3                       label_map, unique_labels = create_label_map_2(sentences, labels)
   187     35.4 MiB     -1.3 MiB           3                       assigned_clusters, assigned_cluster_count = assign_labels_to_clusters_2(label_map, clusters, int(threshold) / 100)
   188                                         
   189     35.8 MiB      0.0 MiB           6                   print(f"Number of clusters successfully assigned a label: {assigned_cluster_count}")
   190     35.8 MiB     -1.3 MiB           6                   analyze_clusters(assigned_clusters, unique_labels, assigned_cluster_count, threshold, method, csv_writer)
   191                                         
   192     35.4 MiB     -0.4 MiB           1       end_time = time.time()
   193     35.4 MiB      0.0 MiB           1       print(f"Total runtime: {end_time - start_time:.2f} seconds")


